<?xml version="1.0" encoding="UTF-8" ?>
<testsuites>
  <testsuite errors="1" failures="0" hostname="jhh-2pc" id="0" name="Filter" package="org.junit.runner.manipulation" tests="1" time="0.148" timestamp="2015-10-20T04:06:07">
      <properties />

      <testcase classname="org.junit.runner.manipulation.Filter" name="initializationError" time="0.139">
          <error message="No tests found matching grails test target pattern filter from org.junit.runner.Request$1@12e483d2" type="java.lang.Exception">java.lang.Exception: No tests found matching grails test target pattern filter from org.junit.runner.Request$1@12e483d2
</error>

      </testcase>

      <system-out><![CDATA[--Output from initializationError--
]]></system-out>

      <system-err><![CDATA[--Output from initializationError--
]]></system-err>

  </testsuite>
</testsuites>
